23:03:04.409 [main] INFO  testCases.TC_002_Verify_My_account_Login - ------Execution Started for 2nd POM class-------
23:03:06.130 [main] INFO  testCases.TC_002_Verify_My_account_Login - ------Execution Started for 3rd POM class-------
23:16:51.703 [main] INFO  testCases.TC_002_Verify_My_account_Login - ------------------Execution Started------------------
23:16:51.737 [main] INFO  testCases.TC_002_Verify_My_account_Login - ------Execution Started for 1st POM class-------
23:16:52.423 [main] INFO  testCases.TC_002_Verify_My_account_Login - ------Execution Started for 2nd POM class-------
23:16:53.884 [main] INFO  testCases.TC_002_Verify_My_account_Login - ------Execution Started for 3rd POM class-------
23:18:57.139 [main] INFO  testCases.TC_002_Verify_My_account_Login - ------------------Execution Started------------------
23:18:57.192 [main] INFO  testCases.TC_002_Verify_My_account_Login - ------Execution Started for 1st POM class-------
23:18:58.014 [main] INFO  testCases.TC_002_Verify_My_account_Login - ------Execution Started for 2nd POM class-------
23:18:59.456 [main] INFO  testCases.TC_002_Verify_My_account_Login - ------Execution Started for 3rd POM class-------
23:21:27.954 [main] INFO  testCases.TC_002_Verify_My_account_Login - ------------------Execution Started------------------
23:21:27.994 [main] INFO  testCases.TC_002_Verify_My_account_Login - ------Execution Started for 1st POM class-------
23:21:29.076 [main] INFO  testCases.TC_002_Verify_My_account_Login - ------Execution Started for 2nd POM class-------
23:21:30.385 [main] INFO  testCases.TC_002_Verify_My_account_Login - ------Execution Started for 3rd POM class-------
23:24:03.741 [main] INFO  testCases.TC_002_Verify_My_account_Login - ------------------Execution Started------------------
23:24:03.770 [main] INFO  testCases.TC_002_Verify_My_account_Login - ------Execution Started for 1st POM class-------
23:24:04.158 [main] INFO  testCases.TC_002_Verify_My_account_Login - ------Execution Started for 2nd POM class-------
23:24:04.990 [main] INFO  testCases.TC_002_Verify_My_account_Login - ------Execution Started for 3rd POM class-------
23:26:01.007 [main] INFO  testCases.TC_001_Verify_Register_login_Practice - Execution is started
23:26:03.004 [main] INFO  testCases.TC_001_Verify_Register_login_Practice - Execution is 111
23:26:06.445 [main] INFO  testCases.TC_001_Verify_Register_login_Practice - Execution is 2222
23:26:07.561 [main] INFO  testCases.TC_001_Verify_Register_login_Practice - Execution is 3333
23:26:07.604 [main] INFO  testCases.TC_001_Verify_Register_login_Practice - Execution is Completed
23:26:20.652 [main] INFO  testCases.TC_002_Verify_My_account_Login - ------------------Execution Started------------------
23:26:20.655 [main] INFO  testCases.TC_002_Verify_My_account_Login - ------Execution Started for 1st POM class-------
23:26:21.901 [main] INFO  testCases.TC_002_Verify_My_account_Login - ------Execution Started for 2nd POM class-------
23:26:23.109 [main] INFO  testCases.TC_002_Verify_My_account_Login - ------Execution Started for 3rd POM class-------
11:41:36.261 [main] INFO  testCases.TC_002_Verify_My_account_Login - ------------------Execution Started------------------
11:41:36.305 [main] INFO  testCases.TC_002_Verify_My_account_Login - ------Execution Started for 1st POM class-------
11:41:36.948 [main] INFO  testCases.TC_002_Verify_My_account_Login - ------Execution Started for 2nd POM class-------
11:41:38.750 [main] INFO  testCases.TC_002_Verify_My_account_Login - ------Execution Started for 3rd POM class-------
11:52:02.001 [main] INFO  testCases.TC_002_Verify_My_account_Login - ------------------Execution Started------------------
11:52:02.027 [main] INFO  testCases.TC_002_Verify_My_account_Login - ------Execution Started for 1st POM class-------
11:52:02.416 [main] INFO  testCases.TC_002_Verify_My_account_Login - ------Execution Started for 2nd POM class-------
11:52:03.526 [main] INFO  testCases.TC_002_Verify_My_account_Login - ------Execution Started for 3rd POM class-------
11:56:14.056 [main] INFO  testCases.TC_002_Verify_My_account_Login - ------------------Execution Started------------------
11:56:14.073 [main] INFO  testCases.TC_002_Verify_My_account_Login - ------Execution Started for 1st POM class-------
11:56:14.463 [main] INFO  testCases.TC_002_Verify_My_account_Login - ------Execution Started for 2nd POM class-------
11:56:14.748 [main] INFO  testCases.TC_002_Verify_My_account_Login - ------Execution Started for 3rd POM class-------
12:29:34.348 [main] INFO  testCases.TC_002_Verify_My_account_Login - ------------------Execution Started------------------
12:29:34.371 [main] INFO  testCases.TC_002_Verify_My_account_Login - ------Execution Started for 1st POM class-------
12:29:34.719 [main] INFO  testCases.TC_002_Verify_My_account_Login - ------Execution Started for 2nd POM class-------
12:29:34.978 [main] INFO  testCases.TC_002_Verify_My_account_Login - ------Execution Started for 3rd POM class-------
